2025-11-18 11:55:33 - {"reference":"DEV-T46915309563EC1I6","merchant_ref":"BOOK-ISOLA-C326991A-1763441717","payment_method":"QRIS by ShopeePay","payment_method_code":"QRIS","total_amount":30000,"fee_merchant":960,"fee_customer":0,"total_fee":960,"amount_received":29040,"is_closed_payment":1,"status":"PAID","paid_at":1763441735,"note":null}
PAYMENT SUCCESS - Ref: DEV-T46915309563EC1I6
2025-11-18 12:08:49 - {"reference":"DEV-T46915309569JMPPN","merchant_ref":"BOOK-ISOLA-F44112FC-1763442504","payment_method":"QRIS by ShopeePay","payment_method_code":"QRIS","total_amount":15000,"fee_merchant":855,"fee_customer":0,"total_fee":855,"amount_received":14145,"is_closed_payment":1,"status":"PAID","paid_at":1763442530,"note":null}
PAYMENT SUCCESS - Ref: DEV-T46915309569JMPPN
2025-11-18 13:53:02 - {"reference":"DEV-T46915309612RMIWN","merchant_ref":"BOOK-ISOLA-7B1AAFD2-1763448755","payment_method":"QRIS by ShopeePay","payment_method_code":"QRIS","total_amount":15000,"fee_merchant":855,"fee_customer":0,"total_fee":855,"amount_received":14145,"is_closed_payment":1,"status":"PAID","paid_at":1763448784,"note":null}
PAYMENT SUCCESS - Ref: DEV-T46915309612RMIWN
2025-11-18 14:01:58 - {"reference":"DEV-T46915309615RZYMX","merchant_ref":"BOOK-ISOLA-9BCC2435-1763449300","payment_method":"QRIS by ShopeePay","payment_method_code":"QRIS","total_amount":15000,"fee_merchant":855,"fee_customer":0,"total_fee":855,"amount_received":14145,"is_closed_payment":1,"status":"PAID","paid_at":1763449319,"note":null}
PAYMENT SUCCESS - Ref: DEV-T46915309615RZYMX
2025-11-18 14:01:58 - {"reference":"DEV-T46915309615RZYMX","merchant_ref":"BOOK-ISOLA-9BCC2435-1763449300","payment_method":"QRIS by ShopeePay","payment_method_code":"QRIS","total_amount":15000,"fee_merchant":855,"fee_customer":0,"total_fee":855,"amount_received":14145,"is_closed_payment":1,"status":"PAID","paid_at":1763449319,"note":null}
PAYMENT SUCCESS - Ref: DEV-T46915309615RZYMX
2025-11-18 14:03:56 - {"reference":"DEV-T469153096176ONVK","merchant_ref":"BOOK-ISOLA-A2E8A0B2-1763449393","payment_method":"QRIS by ShopeePay","payment_method_code":"QRIS","total_amount":15000,"fee_merchant":855,"fee_customer":0,"total_fee":855,"amount_received":14145,"is_closed_payment":1,"status":"PAID","paid_at":1763449438,"note":null}
PAYMENT SUCCESS - Ref: DEV-T469153096176ONVK
2025-11-18 14:04:54 - {"reference":"DEV-T46915309618ZXFRR","merchant_ref":"BOOK-ISOLA-A7A79DCB-1763449469","payment_method":"QRIS by ShopeePay","payment_method_code":"QRIS","total_amount":60000,"fee_merchant":1170,"fee_customer":0,"total_fee":1170,"amount_received":58830,"is_closed_payment":1,"status":"PAID","paid_at":1763449496,"note":null}
PAYMENT SUCCESS - Ref: DEV-T46915309618ZXFRR
2025-11-18 14:13:16 - {"reference":"DEV-T46915309623NVDOR","merchant_ref":"BOOK-ISOLA-C726C759-1763449973","payment_method":"QRIS by ShopeePay","payment_method_code":"QRIS","total_amount":30000,"fee_merchant":960,"fee_customer":0,"total_fee":960,"amount_received":29040,"is_closed_payment":1,"status":"PAID","paid_at":1763449998,"note":null}
PAYMENT SUCCESS - Ref: DEV-T46915309623NVDOR
2025-11-18 14:53:29 - {"reference":"DEV-T46915309640KML3B","merchant_ref":"BOOK-ISOLA-5A42BE81-1763452326","payment_method":"QRIS by ShopeePay","payment_method_code":"QRIS","total_amount":8000,"fee_merchant":806,"fee_customer":0,"total_fee":806,"amount_received":7194,"is_closed_payment":1,"status":"PAID","paid_at":1763452411,"note":null}
PAYMENT SUCCESS - Ref: DEV-T46915309640KML3B
2025-11-18 16:44:26 - {"reference":"DEV-T469153096768J5KZ","merchant_ref":"BOOK-ISOLA-FEB818A4-1763459053","payment_method":"QRIS by ShopeePay","payment_method_code":"QRIS","total_amount":8000,"fee_merchant":806,"fee_customer":0,"total_fee":806,"amount_received":7194,"is_closed_payment":1,"status":"PAID","paid_at":1763459068,"note":null}
PAYMENT SUCCESS - Ref: DEV-T469153096768J5KZ
2025-11-18 16:48:17 - {"reference":"DEV-T46915309678REXAL","merchant_ref":"BOOK-ISOLA-0CF7DAB2-1763459281","payment_method":"QRIS by ShopeePay","payment_method_code":"QRIS","total_amount":8000,"fee_merchant":806,"fee_customer":0,"total_fee":806,"amount_received":7194,"is_closed_payment":1,"status":"PAID","paid_at":1763459298,"note":null}
PAYMENT SUCCESS - Ref: DEV-T46915309678REXAL
2025-11-18 16:57:55 - {"reference":"DEV-T469153096823R7DD","merchant_ref":"BOOK-ISOLA-30B544B1-1763459853","payment_method":"QRIS by ShopeePay","payment_method_code":"QRIS","total_amount":8000,"fee_merchant":806,"fee_customer":0,"total_fee":806,"amount_received":7194,"is_closed_payment":1,"status":"PAID","paid_at":1763459877,"note":null}
PAYMENT SUCCESS - Ref: DEV-T469153096823R7DD
2025-11-18 17:01:44 - {"reference":"DEV-T46915309683ACPCP","merchant_ref":"BOOK-ISOLA-3F16145D-1763460083","payment_method":"QRIS by ShopeePay","payment_method_code":"QRIS","total_amount":20000,"fee_merchant":890,"fee_customer":0,"total_fee":890,"amount_received":19110,"is_closed_payment":1,"status":"PAID","paid_at":1763460106,"note":null}
PAYMENT SUCCESS - Ref: DEV-T46915309683ACPCP
2025-11-18 17:46:30 - {"reference":"DEV-T469153096898CMXO","merchant_ref":"BOOK-ISOLA-E6C91B8D-1763462766","payment_method":"QRIS by ShopeePay","payment_method_code":"QRIS","total_amount":8000,"fee_merchant":806,"fee_customer":0,"total_fee":806,"amount_received":7194,"is_closed_payment":1,"status":"PAID","paid_at":1763462792,"note":null}
PAYMENT SUCCESS - Ref: DEV-T469153096898CMXO
